5    DEBUG [2014-09-09 16:51:49]  GET:https://api.weibo.com/2/friendships/friends.json?screen_name=bigbug05&cursor=0
66   DEBUG [2014-09-09 16:51:49]  Authorization: OAuth2 2.00KMB9lFOgQUTD3988dc579908k9d7
67   DEBUG [2014-09-09 16:51:49]  API-RemoteIP: 10.63.30.11
598  DEBUG [2014-09-09 16:51:50]  Response:
598  DEBUG [2014-09-09 16:51:50]  https StatusCode:403
598  DEBUG [2014-09-09 16:51:50]  Server:nginx/1.2.0
598  DEBUG [2014-09-09 16:51:50]  Date:Tue, 09 Sep 2014 08:51:11 GMT
599  DEBUG [2014-09-09 16:51:50]  Content-Type:application/json;charset=UTF-8
599  DEBUG [2014-09-09 16:51:50]  Transfer-Encoding:chunked
599  DEBUG [2014-09-09 16:51:50]  Connection:keep-alive
599  DEBUG [2014-09-09 16:51:50]  Api-Server-IP:10.75.24.206
599  DEBUG [2014-09-09 16:51:50]  Vary:Accept-Encoding
601  WARN  [2014-09-09 16:51:50]  Going to buffer response body of large or unknown size. Using getResponseBodyAsStream instead is recommended.
602  DEBUG [2014-09-09 16:51:50]  {"error":"User requests out of rate limit!","error_code":10023,"request":"/2/friendships/friends.json"}

0    DEBUG [2014-09-09 16:53:52]  Request:
1    DEBUG [2014-09-09 16:53:52]  POSThttps://api.weibo.com/oauth2/access_token
276  DEBUG [2014-09-09 16:53:52]  Response:
276  DEBUG [2014-09-09 16:53:52]  https StatusCode:200
277  DEBUG [2014-09-09 16:53:52]  Server:nginx/1.2.0
277  DEBUG [2014-09-09 16:53:52]  Date:Tue, 09 Sep 2014 08:53:13 GMT
277  DEBUG [2014-09-09 16:53:52]  Content-Type:text/plain;charset=UTF-8
277  DEBUG [2014-09-09 16:53:52]  Content-Length:111
277  DEBUG [2014-09-09 16:53:52]  Connection:keep-alive
277  DEBUG [2014-09-09 16:53:52]  Pragma:No-cache
277  DEBUG [2014-09-09 16:53:52]  Cache-Control:no-cache
277  DEBUG [2014-09-09 16:53:52]  Expires:Thu, 01 Jan 1970 00:00:00 GMT
278  DEBUG [2014-09-09 16:53:52]  Api-Server-IP:10.73.89.47
281  DEBUG [2014-09-09 16:53:52]  {"access_token":"2.00sCVJkFOgQUTDa0282ecab5075hvP","remind_in":"122808","expires_in":122808,"uid":"5262639910"}

0    DEBUG [2014-09-09 16:54:49]  Request:
1    DEBUG [2014-09-09 16:54:49]  GET:https://api.weibo.com/2/friendships/friends.json?screen_name=bigbug04&cursor=0
50   DEBUG [2014-09-09 16:54:49]  Authorization: OAuth2 2.00sCVJkFOgQUTDa0282ecab5075hvP
51   DEBUG [2014-09-09 16:54:49]  API-RemoteIP: 10.63.30.11
582  DEBUG [2014-09-09 16:54:49]  Response:
582  DEBUG [2014-09-09 16:54:49]  https StatusCode:403
582  DEBUG [2014-09-09 16:54:49]  Server:nginx/1.2.0
582  DEBUG [2014-09-09 16:54:49]  Date:Tue, 09 Sep 2014 08:54:10 GMT
582  DEBUG [2014-09-09 16:54:49]  Content-Type:application/json;charset=UTF-8
582  DEBUG [2014-09-09 16:54:49]  Transfer-Encoding:chunked
582  DEBUG [2014-09-09 16:54:49]  Connection:keep-alive
583  DEBUG [2014-09-09 16:54:49]  Api-Server-IP:10.75.5.68
585  DEBUG [2014-09-09 16:54:49]  Vary:Accept-Encoding
587  WARN  [2014-09-09 16:54:49]  Going to buffer response body of large or unknown size. Using getResponseBodyAsStream instead is recommended.
588  DEBUG [2014-09-09 16:54:49]  {"error":"applications over the unaudited use restrictions!","error_code":21321,"request":"/2/friendships/friends.json"}

